D:\KONDOR\STUDIA\PROJECT\JEZYKPROG\STANO.K_11K2_KOLKO_I_KRZYZYK\STANO.K_11K2_KOLKO_I_KRZYZYK\DEBUG\STANO.K_11K2_KOLKO_I_KRZYZYK.PCH
D:\KONDOR\STUDIA\PROJECT\JEZYKPROG\STANO.K_11K2_KOLKO_I_KRZYZYK\STANO.K_11K2_KOLKO_I_KRZYZYK\DEBUG\STDAFX.OBJ
D:\KONDOR\STUDIA\PROJECT\JEZYKPROG\STANO.K_11K2_KOLKO_I_KRZYZYK\STANO.K_11K2_KOLKO_I_KRZYZYK\DEBUG\VC110.PDB
D:\KONDOR\STUDIA\PROJECT\JEZYKPROG\STANO.K_11K2_KOLKO_I_KRZYZYK\STANO.K_11K2_KOLKO_I_KRZYZYK\DEBUG\STANO.K_11K2_KOLKO_I_KRZYZYK.OBJ
D:\KONDOR\STUDIA\PROJECT\JEZYKPROG\STANO.K_11K2_KOLKO_I_KRZYZYK\DEBUG\STANO.K_11K2_KOLKO_I_KRZYZYK.ILK
D:\KONDOR\STUDIA\PROJECT\JEZYKPROG\STANO.K_11K2_KOLKO_I_KRZYZYK\DEBUG\STANO.K_11K2_KOLKO_I_KRZYZYK.EXE
D:\KONDOR\STUDIA\PROJECT\JEZYKPROG\STANO.K_11K2_KOLKO_I_KRZYZYK\DEBUG\STANO.K_11K2_KOLKO_I_KRZYZYK.PDB
D:\Kondor\studia\Project\jezykprog\Stano.K_11K2_Kolko_i_krzyzyk\Stano.K_11K2_Kolko_i_krzyzyk\Debug\Stano.K_11K2_Kolko_i_krzyzyk.obj
D:\Kondor\studia\Project\jezykprog\Stano.K_11K2_Kolko_i_krzyzyk\Stano.K_11K2_Kolko_i_krzyzyk\Debug\stdafx.obj
D:\Kondor\studia\Project\jezykprog\Stano.K_11K2_Kolko_i_krzyzyk\Stano.K_11K2_Kolko_i_krzyzyk\Debug\cl.command.1.tlog
D:\Kondor\studia\Project\jezykprog\Stano.K_11K2_Kolko_i_krzyzyk\Stano.K_11K2_Kolko_i_krzyzyk\Debug\CL.read.1.tlog
D:\Kondor\studia\Project\jezykprog\Stano.K_11K2_Kolko_i_krzyzyk\Stano.K_11K2_Kolko_i_krzyzyk\Debug\CL.write.1.tlog
D:\Kondor\studia\Project\jezykprog\Stano.K_11K2_Kolko_i_krzyzyk\Stano.K_11K2_Kolko_i_krzyzyk\Debug\link-cvtres.read.1.tlog
D:\Kondor\studia\Project\jezykprog\Stano.K_11K2_Kolko_i_krzyzyk\Stano.K_11K2_Kolko_i_krzyzyk\Debug\link-cvtres.write.1.tlog
D:\Kondor\studia\Project\jezykprog\Stano.K_11K2_Kolko_i_krzyzyk\Stano.K_11K2_Kolko_i_krzyzyk\Debug\link-rc.read.1.tlog
D:\Kondor\studia\Project\jezykprog\Stano.K_11K2_Kolko_i_krzyzyk\Stano.K_11K2_Kolko_i_krzyzyk\Debug\link-rc.write.1.tlog
D:\Kondor\studia\Project\jezykprog\Stano.K_11K2_Kolko_i_krzyzyk\Stano.K_11K2_Kolko_i_krzyzyk\Debug\link.command.1.tlog
D:\Kondor\studia\Project\jezykprog\Stano.K_11K2_Kolko_i_krzyzyk\Stano.K_11K2_Kolko_i_krzyzyk\Debug\link.read.1.tlog
D:\Kondor\studia\Project\jezykprog\Stano.K_11K2_Kolko_i_krzyzyk\Stano.K_11K2_Kolko_i_krzyzyk\Debug\link.write.1.tlog
D:\Kondor\studia\Project\jezykprog\Stano.K_11K2_Kolko_i_krzyzyk\Stano.K_11K2_Kolko_i_krzyzyk\Debug\Stano.K_11K2_Kolko_i_krzyzyk.pch
D:\Kondor\studia\Project\jezykprog\Stano.K_11K2_Kolko_i_krzyzyk\Stano.K_11K2_Kolko_i_krzyzyk\Debug\vc110.idb
D:\Kondor\studia\Project\jezykprog\Stano.K_11K2_Kolko_i_krzyzyk\Stano.K_11K2_Kolko_i_krzyzyk\Debug\vc110.pdb
D:\Kondor\studia\Project\jezykprog\Stano.K_11K2_Kolko_i_krzyzyk\Debug\Stano.K_11K2_Kolko_i_krzyzyk.pdb
D:\Kondor\studia\Project\jezykprog\Stano.K_11K2_Kolko_i_krzyzyk\Debug\Stano.K_11K2_Kolko_i_krzyzyk.exe
D:\Kondor\studia\Project\jezykprog\Stano.K_11K2_Kolko_i_krzyzyk\Debug\Stano.K_11K2_Kolko_i_krzyzyk.ilk
